Run cd android
  
Downloading https://services.gradle.org/distributions/gradle-8.11.1-all.zip
.....................10%......................20%......................30%......................40%......................50%......................60%......................70%......................80%......................90%......................100%
Welcome to Gradle 8.11.1!
Here are the highlights of this release:
 - Parallel load and store for Configuration Cache
 - Java compilation errors at the end of the build output
 - Consolidated report for warnings and deprecations
For more details see https://docs.gradle.org/8.11.1/release-notes.html
Starting a Gradle Daemon (subsequent builds will be faster)
> Configure project :app
WARNING: Using flatDir should be avoided because it doesn't support any meta-data formats.
> Configure project :capacitor-cordova-android-plugins
WARNING: Using flatDir should be avoided because it doesn't support any meta-data formats.
FAILURE: Build failed with an exception.
* Where:
Build file '/home/runner/work/bluecycle/bluecycle/android/build.gradle' line: 31
* What went wrong:
Failed to notify build listener.
> Could not get unknown property 'org' for root project 'android' of type org.gradle.api.Project.
> Could not get unknown property 'org' for project ':app' of type org.gradle.api.Project.
> Could not get unknown property 'org' for project ':capacitor-android' of type org.gradle.api.Project.
> Could not get unknown property 'org' for project ':capacitor-camera' of type org.gradle.api.Project.
> Could not get unknown property 'org' for project ':capacitor-cordova-android-plugins' of type org.gradle.api.Project.
> Could not get unknown property 'org' for project ':capacitor-geolocation' of type org.gradle.api.Project.
* Try:
> Run with --stacktrace option to get the stack trace.
> Run with --info or --debug option to get more log output.
> Run with --scan to get full insights.
> Get more help at https://help.gradle.org.
BUILD FAILED in 53s
Error: Process completed with exit code 1.